GET /api/users 200 640 - 2849.895 ms
GET / 200 4508 - 3095.130 ms
GET /css/style.css 304 - - 21.340 ms
GET /js/index.js 304 - - 13.390 ms
GET /api/users 200 640 - 227.892 ms
GET / 304 - - 343.568 ms
GET /css/style.css 304 - - 11.568 ms
GET /js/index.js 304 - - 9.594 ms
GET /comehere 404 147 - 11.758 ms
GET /come 404 143 - 2.411 ms
GET /come 404 143 - 2.491 ms
GET /come 404 143 - 2.772 ms
GET /api/users 200 640 - 8466.236 ms
GET / 304 - - 8546.438 ms
GET /css/style.css 304 - - 14.518 ms
GET /js/index.js 304 - - 5.263 ms
GET /api/users 200 640 - 1821.082 ms
GET / 304 - - 1850.770 ms
GET /css/style.css 304 - - 106.711 ms
GET /js/index.js 304 - - 112.346 ms
GET /api/users 200 640 - 218.069 ms
GET / 304 - - 252.683 ms
GET /css/style.css 304 - - 7.605 ms
GET /js/index.js 304 - - 7.810 ms
